<?xml version="1.0" encoding="UTF-8"?>
<!-- Generated by org.testng.reporters.JUnitReportReporter -->
<testsuite hostname="Vicky" failures="0" tests="1" name="sprint_2_Negative.Sprint_2_Negative_Demo_FMS" time="53.709" errors="0" timestamp="2024-02-23T16:26:40 IST" skipped="0">
  <testcase classname="sprint_2_Negative.Sprint_2_Negative_Demo_FMS" name="a12_addingTenureListDetailsByGivingAllDetailsPassTest" time="53.709"/>
  <system-out/>
</testsuite> <!-- sprint_2_Negative.Sprint_2_Negative_Demo_FMS -->
