<?xml version="1.0" encoding="UTF-8"?>
<!-- Generated by org.testng.reporters.JUnitReportReporter -->
<testsuite hostname="Vicky" failures="0" tests="2" name="sprint_1_Positive.dSprint_1_UserSchemeSubscription_Demo_User" time="63.884" errors="0" timestamp="2024-02-21T14:46:19 IST" skipped="0">
  <testcase classname="sprint_1_Positive.dSprint_1_UserSchemeSubscription_Demo_User" name="userSchemeSubscriptionUsingBankingAccountTest" time="31.896"/>
  <system-out/>
  <testcase classname="sprint_1_Positive.dSprint_1_UserSchemeSubscription_Demo_User" name="userSchemeSubscriptionUsingBookingAndBankingAccountTest" time="31.988"/>
  <system-out/>
</testsuite> <!-- sprint_1_Positive.dSprint_1_UserSchemeSubscription_Demo_User -->
