<?xml version="1.0" encoding="UTF-8"?>
<!-- Generated by org.testng.reporters.JUnitReportReporter -->
<testsuite hostname="Vicky" failures="0" tests="1" name="sprint_2_Negative.aSprint_2_LoginLogout_Demo_FMS" time="60.758" errors="0" timestamp="2024-02-22T12:20:38 IST" skipped="0">
  <testcase classname="sprint_2_Negative.aSprint_2_LoginLogout_Demo_FMS" name="zi_whileSubscribingSchemeClickOnTheSuccessButtonInTheRazorPayPagePaymentShouldFailError35Test" time="60.758"/>
  <system-out/>
</testsuite> <!-- sprint_2_Negative.aSprint_2_LoginLogout_Demo_FMS -->
